<?xml version="1.0" encoding="UTF-8"?>
<testsuite name="io.swagger.petstore.usernpetinfo.PetCRUDTestWithSteps" time="10.029" tests="4" errors="0" skipped="0" failures="1">
  <properties>
[...]
</properties>
  <testcase name="test001" classname="io.swagger.petstore.usernpetinfo.PetCRUDTestWithSteps" time="4.124"/>
  <testcase name="test002" classname="io.swagger.petstore.usernpetinfo.PetCRUDTestWithSteps" time="1.223"/>
  <testcase name="test003" classname="io.swagger.petstore.usernpetinfo.PetCRUDTestWithSteps" time="2.376">
    <failure message="&#10;Expected: map containing [ANYTHING-&gt;&quot;available_updated&quot;]&#10;     but: map was [&lt;photoUrls=[https://example.com/cat.jpg]&gt;, &lt;name=Vincent97288&gt;, &lt;id=9223372036854307750&gt;, &lt;category={name=Snowy, id=2}&gt;, &lt;tags=[{name=British Short Hair, id=5}]&gt;, &lt;status=available&gt;]" type="java.lang.AssertionError"><![CDATA[java.lang.AssertionError: 
Expected: map containing [ANYTHING->"available_updated"]
     but: map was [<photoUrls=[https://example.com/cat.jpg]>, <name=Vincent97288>, <id=9223372036854307750>, <category={name=Snowy, id=2}>, <tags=[{name=British Short Hair, id=5}]>, <status=available>]
	at org.hamcrest.MatcherAssert.assertThat(MatcherAssert.java:20)
	at org.junit.Assert.assertThat(Assert.java:956)
	at org.junit.Assert.assertThat(Assert.java:923)
	at io.swagger.petstore.usernpetinfo.PetCRUDTestWithSteps.test003(PetCRUDTestWithSteps.java:81)
]]></failure>
    <system-out><![CDATA[Request method:	PUT
Request URI:	https://petstore.swagger.io/v2/pet/Vincent97288_updated
Proxy:			<none>
Request params:	<none>
Query params:	<none>
Form params:	<none>
Path params:	name=Vincent97288_updated
Multiparts:		<none>
Headers:		Accept=*/*
				Content-Type=application/json; charset=UTF-8
Cookies:		<none>
Body:
{
    "petId": 0,
    "category": {
        "name": "Snowy",
        "id": "2"
    },
    "name": "Vincent97288_updated",
    "photoUrls": [
        "https://example.com/cat.jpg"
    ],
    "tags": [
        {
            "name": "BSH",
            "id": 5
        }
    ],
    "status": "available_updated"
}
Request method:	GET
Request URI:	https://petstore.swagger.io/v2/pet/9223372036854307750
Proxy:			<none>
Request params:	<none>
Query params:	<none>
Form params:	<none>
Path params:	petId=9223372036854307750
Multiparts:		<none>
Headers:		Accept=*/*
Cookies:		<none>
Body:			<none>
]]></system-out>
    <system-err><![CDATA[5857 [main] INFO net.serenitybdd.core.Serenity - 
        __    _____ _____ ____ _____   ____   _    ____  ____  _____ ____  
  _     \ \  |_   _| ____/ ___|_   _| |  _ \ / \  / ___|/ ___|| ____|  _ \ 
 (_)_____| |   | | |  _| \___ \ | |   | |_) / _ \ \___ \\___ \|  _| | | | |
  _|_____| |   | | | |___ ___) || |   |  __/ ___ \ ___) |___) | |___| |_| |
 (_)     | |   |_| |_____|____/ |_|   |_| /_/   \_\____/|____/|_____|____/ 
        /_/                                                                

TEST PASSED: T2-Verify if the pet was created
----------------------------------------------------------------------------
5858 [main] INFO net.serenitybdd.core.Serenity - 
 _____ _____ ____ _____   ____ _____  _    ____ _____ _____ ____  
|_   _| ____/ ___|_   _| / ___|_   _|/ \  |  _ \_   _| ____|  _ \ 
  | | |  _| \___ \ | |   \___ \ | | / _ \ | |_) || | |  _| | | | |
  | | | |___ ___) || |    ___) || |/ ___ \|  _ < | | | |___| |_| |
  |_| |_____|____/ |_|   |____/ |_/_/   \_\_| \_\|_| |_____|____/ 
                                                                  

TEST STARTED: test003
-------------------------------------------------------------------
5858 [main] INFO net.serenitybdd.core.Serenity - TEST NUMBER: 3
]]></system-err>
  </testcase>
  <testcase name="test004" classname="io.swagger.petstore.usernpetinfo.PetCRUDTestWithSteps" time="2.306"/>
</testsuite>