<?xml version="1.0" encoding="UTF-8"?><testsuite errors="0" failures="1" name="io.swagger.petstore.usernpetinfo.PetCRUDTestWithSteps" skipped="0" tests="4" time="10.0" timestamp="2023-01-03T17:17:35.693Z[Europe/London]"><testcase classname="io.swagger.petstore.usernpetinfo.PetCRUDTestWithSteps" name="T1-This will create a new pet"/><testcase classname="io.swagger.petstore.usernpetinfo.PetCRUDTestWithSteps" name="T2-Verify if the pet was created"/><testcase classname="io.swagger.petstore.usernpetinfo.PetCRUDTestWithSteps" name="T3-Update the pet details and verify the updated information"><failure message="&#10;Expected: map containing [ANYTHING-&gt;&quot;available_updated&quot;]&#10;     but: map was [&lt;photoUrls=[https://example.com/cat.jpg]&gt;, &lt;name=Vincent97288&gt;, &lt;id=9223372036854307750&gt;, &lt;category={name=Snowy, id=2}&gt;, &lt;tags=[{name=British Short Hair, id=5}]&gt;, &lt;status=available&gt;]" type="java.lang.AssertionError">
Expected: map containing [ANYTHING-&gt;"available_updated"]
     but: map was [&lt;photoUrls=[https://example.com/cat.jpg]&gt;, &lt;name=Vincent97288&gt;, &lt;id=9223372036854307750&gt;, &lt;category={name=Snowy, id=2}&gt;, &lt;tags=[{name=British Short Hair, id=5}]&gt;, &lt;status=available&gt;]</failure><system-err>
Expected: map containing [ANYTHING-&gt;"available_updated"]
     but: map was [&lt;photoUrls=[https://example.com/cat.jpg]&gt;, &lt;name=Vincent97288&gt;, &lt;id=9223372036854307750&gt;, &lt;category={name=Snowy, id=2}&gt;, &lt;tags=[{name=British Short Hair, id=5}]&gt;, &lt;status=available&gt;]&#13;
io.swagger.petstore.usernpetinfo.PetCRUDTestWithSteps.test003(PetCRUDTestWithSteps.java:81)&#13;
</system-err></testcase><testcase classname="io.swagger.petstore.usernpetinfo.PetCRUDTestWithSteps" name="T4-Delete the pet and verify if the pet has been deleted"/></testsuite>