<?xml version="1.0" encoding="UTF-8"?><testsuite errors="0" failures="0" name="io.swagger.petstore.usernpetinfo.UserCRUDTestWithSteps" skipped="0" tests="4" time="6.92" timestamp="2023-01-03T17:17:46.640Z[Europe/London]"><testcase classname="io.swagger.petstore.usernpetinfo.UserCRUDTestWithSteps" name="T1-This will create a new user"/><testcase classname="io.swagger.petstore.usernpetinfo.UserCRUDTestWithSteps" name="T2-Verify if the user was created"/><testcase classname="io.swagger.petstore.usernpetinfo.UserCRUDTestWithSteps" name="T3-Update the user details and verify the updated information"/><testcase classname="io.swagger.petstore.usernpetinfo.UserCRUDTestWithSteps" name="T4-Delete the store and verify if the store has been deleted"/></testsuite>